{"contracts\\DEX.sol":{"l":{"24":24,"32":24,"39":24,"47":24},"path":"C:\\Users\\aleks\\Documents\\Coding\\Blockchain\\dex\\contracts\\DEX.sol","s":{"1":24,"2":24,"3":24,"4":24},"b":{"1":[24,0],"2":[24,0]},"f":{"1":24},"fnMap":{"1":{"name":"createNewPair","line":18,"loc":{"start":{"line":18,"column":4},"end":{"line":55,"column":4}}}},"statementMap":{"1":{"start":{"line":24,"column":8},"end":{"line":24,"column":566}},"2":{"start":{"line":32,"column":8},"end":{"line":32,"column":731}},"3":{"start":{"line":39,"column":8},"end":{"line":39,"column":911}},"4":{"start":{"line":47,"column":8},"end":{"line":47,"column":1094}}},"branchMap":{"1":{"line":32,"type":"if","locations":[{"start":{"line":32,"column":8},"end":{"line":32,"column":8}},{"start":{"line":32,"column":8},"end":{"line":32,"column":8}}]},"2":{"line":39,"type":"if","locations":[{"start":{"line":39,"column":8},"end":{"line":39,"column":8}},{"start":{"line":39,"column":8},"end":{"line":39,"column":8}}]}}},"contracts\\LiquidityToken.sol":{"l":{"13":24,"17":34,"18":0,"20":34,"24":31,"28":3},"path":"C:\\Users\\aleks\\Documents\\Coding\\Blockchain\\dex\\contracts\\LiquidityToken.sol","s":{"1":24,"2":34,"3":31,"4":3},"b":{"1":[0,34]},"f":{"1":24,"2":34,"3":31,"4":3},"fnMap":{"1":{"name":"constructor","line":12,"loc":{"start":{"line":12,"column":4},"end":{"line":14,"column":4}}},"2":{"name":"onlyOwner","line":16,"loc":{"start":{"line":16,"column":4},"end":{"line":21,"column":4}}},"3":{"name":"mint","line":23,"loc":{"start":{"line":23,"column":4},"end":{"line":25,"column":4}}},"4":{"name":"burn","line":27,"loc":{"start":{"line":27,"column":4},"end":{"line":29,"column":4}}}},"statementMap":{"1":{"start":{"line":13,"column":8},"end":{"line":13,"column":25}},"2":{"start":{"line":17,"column":8},"end":{"line":17,"column":368}},"3":{"start":{"line":24,"column":8},"end":{"line":24,"column":30}},"4":{"start":{"line":28,"column":8},"end":{"line":28,"column":28}}},"branchMap":{"1":{"line":17,"type":"if","locations":[{"start":{"line":17,"column":8},"end":{"line":17,"column":8}},{"start":{"line":17,"column":8},"end":{"line":17,"column":8}}]}}},"contracts\\Pool.sol":{"l":{"56":24,"57":24,"58":24,"59":24,"61":24,"65":4,"66":1,"68":3,"75":8,"76":1,"79":7,"83":7,"88":7,"89":7,"90":7,"92":7,"101":3,"103":3,"104":3,"105":3,"107":3,"111":3,"112":1,"115":2,"117":2,"118":2,"120":2,"130":3,"131":1,"134":2,"136":2,"137":2,"139":2,"153":10,"156":10,"158":10,"159":8,"161":2,"162":1,"164":1,"165":1,"170":5,"171":5,"178":5,"179":5,"186":1,"190":1,"194":22,"198":1,"204":24,"205":24,"209":10,"210":10,"211":10,"219":7,"226":3,"232":3,"238":3},"path":"C:\\Users\\aleks\\Documents\\Coding\\Blockchain\\dex\\contracts\\Pool.sol","s":{"1":24,"2":24,"3":24,"4":24,"5":24,"6":4,"7":8,"8":7,"9":7,"10":7,"11":7,"12":7,"13":7,"14":3,"15":3,"16":3,"17":3,"18":3,"19":3,"20":2,"21":2,"22":2,"23":2,"24":3,"25":2,"26":2,"27":2,"28":2,"29":10,"30":10,"31":10,"32":8,"33":2,"34":1,"35":1,"36":1,"37":5,"38":5,"39":5,"40":5,"41":1,"42":1,"43":22,"44":1,"45":24,"46":24,"47":10,"48":10,"49":10,"50":7,"51":3,"52":3,"53":3},"b":{"1":[1,3],"2":[1,7],"3":[7,0],"4":[7,0],"5":[3,0],"6":[3,0],"7":[1,2],"8":[2,0],"9":[2,0],"10":[1,2],"11":[2,0],"12":[2,0],"13":[8,2],"14":[1,1],"15":[1,0]},"f":{"1":24,"2":4,"3":8,"4":3,"5":3,"6":3,"7":10,"8":5,"9":5,"10":1,"11":1,"12":22,"13":1,"14":24,"15":10,"16":7,"17":3},"fnMap":{"1":{"name":"constructor","line":49,"loc":{"start":{"line":49,"column":4},"end":{"line":62,"column":4}}},"2":{"name":"onlyLps","line":64,"loc":{"start":{"line":64,"column":4},"end":{"line":69,"column":4}}},"3":{"name":"addLiquidity","line":73,"loc":{"start":{"line":71,"column":4},"end":{"line":98,"column":4}}},"4":{"name":"removeLiquidity","line":100,"loc":{"start":{"line":100,"column":4},"end":{"line":108,"column":4}}},"5":{"name":"swapTokenOneForTwo","line":110,"loc":{"start":{"line":110,"column":4},"end":{"line":127,"column":4}}},"6":{"name":"swapTokenTwoForOne","line":129,"loc":{"start":{"line":129,"column":4},"end":{"line":146,"column":4}}},"7":{"name":"checkLiquidityProportion","line":148,"loc":{"start":{"line":148,"column":4},"end":{"line":167,"column":4}}},"8":{"name":"getTokenTwoQuantity","line":169,"loc":{"start":{"line":169,"column":4},"end":{"line":175,"column":4}}},"9":{"name":"getTokenOneQuantity","line":177,"loc":{"start":{"line":177,"column":4},"end":{"line":183,"column":4}}},"10":{"name":"getTokenOneAddress","line":185,"loc":{"start":{"line":185,"column":4},"end":{"line":187,"column":4}}},"11":{"name":"getTokenTwoAddress","line":189,"loc":{"start":{"line":189,"column":4},"end":{"line":191,"column":4}}},"12":{"name":"getLiquidityTokenAddress","line":193,"loc":{"start":{"line":193,"column":4},"end":{"line":195,"column":4}}},"13":{"name":"getPoolCreator","line":197,"loc":{"start":{"line":197,"column":4},"end":{"line":199,"column":4}}},"14":{"name":"_initializePool","line":201,"loc":{"start":{"line":201,"column":4},"end":{"line":206,"column":4}}},"15":{"name":"_getCurrentProduct","line":208,"loc":{"start":{"line":208,"column":4},"end":{"line":212,"column":4}}},"16":{"name":"_calcLiquidityTokenAmount","line":214,"loc":{"start":{"line":214,"column":4},"end":{"line":223,"column":4}}},"17":{"name":"_removeLiquidity","line":225,"loc":{"start":{"line":225,"column":4},"end":{"line":239,"column":4}}}},"statementMap":{"1":{"start":{"line":56,"column":8},"end":{"line":56,"column":39}},"2":{"start":{"line":57,"column":8},"end":{"line":57,"column":41}},"3":{"start":{"line":58,"column":8},"end":{"line":58,"column":41}},"4":{"start":{"line":59,"column":8},"end":{"line":59,"column":38}},"5":{"start":{"line":61,"column":8},"end":{"line":61,"column":52}},"6":{"start":{"line":65,"column":8},"end":{"line":65,"column":1821}},"7":{"start":{"line":75,"column":8},"end":{"line":75,"column":2065}},"8":{"start":{"line":79,"column":8},"end":{"line":79,"column":2176}},"9":{"start":{"line":83,"column":8},"end":{"line":83,"column":2317}},"10":{"start":{"line":88,"column":8},"end":{"line":88,"column":78}},"11":{"start":{"line":89,"column":8},"end":{"line":89,"column":78}},"12":{"start":{"line":90,"column":8},"end":{"line":90,"column":48}},"13":{"start":{"line":92,"column":8},"end":{"line":92,"column":2663}},"14":{"start":{"line":101,"column":8},"end":{"line":101,"column":67}},"15":{"start":{"line":103,"column":8},"end":{"line":103,"column":56}},"16":{"start":{"line":104,"column":8},"end":{"line":104,"column":56}},"17":{"start":{"line":105,"column":8},"end":{"line":105,"column":64}},"18":{"start":{"line":107,"column":8},"end":{"line":107,"column":63}},"19":{"start":{"line":111,"column":8},"end":{"line":111,"column":3293}},"20":{"start":{"line":115,"column":8},"end":{"line":115,"column":58}},"21":{"start":{"line":117,"column":8},"end":{"line":117,"column":75}},"22":{"start":{"line":118,"column":8},"end":{"line":118,"column":56}},"23":{"start":{"line":120,"column":8},"end":{"line":120,"column":3590}},"24":{"start":{"line":130,"column":8},"end":{"line":130,"column":3840}},"25":{"start":{"line":134,"column":8},"end":{"line":134,"column":58}},"26":{"start":{"line":136,"column":8},"end":{"line":136,"column":75}},"27":{"start":{"line":137,"column":8},"end":{"line":137,"column":56}},"28":{"start":{"line":139,"column":8},"end":{"line":139,"column":4137}},"29":{"start":{"line":153,"column":8},"end":{"line":153,"column":4464}},"30":{"start":{"line":156,"column":8},"end":{"line":156,"column":58}},"31":{"start":{"line":158,"column":8},"end":{"line":158,"column":4663}},"32":{"start":{"line":159,"column":12},"end":{"line":159,"column":41}},"33":{"start":{"line":161,"column":8},"end":{"line":161,"column":4771}},"34":{"start":{"line":162,"column":12},"end":{"line":162,"column":64}},"35":{"start":{"line":164,"column":8},"end":{"line":164,"column":4901}},"36":{"start":{"line":165,"column":12},"end":{"line":165,"column":64}},"37":{"start":{"line":170,"column":8},"end":{"line":170,"column":46}},"38":{"start":{"line":171,"column":8},"end":{"line":171,"column":5176}},"39":{"start":{"line":178,"column":8},"end":{"line":178,"column":46}},"40":{"start":{"line":179,"column":8},"end":{"line":179,"column":5478}},"41":{"start":{"line":186,"column":8},"end":{"line":186,"column":32}},"42":{"start":{"line":190,"column":8},"end":{"line":190,"column":32}},"43":{"start":{"line":194,"column":8},"end":{"line":194,"column":32}},"44":{"start":{"line":198,"column":8},"end":{"line":198,"column":26}},"45":{"start":{"line":204,"column":8},"end":{"line":204,"column":78}},"46":{"start":{"line":205,"column":8},"end":{"line":205,"column":51}},"47":{"start":{"line":209,"column":8},"end":{"line":209,"column":67}},"48":{"start":{"line":210,"column":8},"end":{"line":210,"column":67}},"49":{"start":{"line":211,"column":8},"end":{"line":211,"column":51}},"50":{"start":{"line":219,"column":8},"end":{"line":219,"column":6748}},"51":{"start":{"line":226,"column":8},"end":{"line":226,"column":7012}},"52":{"start":{"line":232,"column":8},"end":{"line":232,"column":7200}},"53":{"start":{"line":238,"column":8},"end":{"line":238,"column":37}}},"branchMap":{"1":{"line":65,"type":"if","locations":[{"start":{"line":65,"column":8},"end":{"line":65,"column":8}},{"start":{"line":65,"column":8},"end":{"line":65,"column":8}}]},"2":{"line":75,"type":"if","locations":[{"start":{"line":75,"column":8},"end":{"line":75,"column":8}},{"start":{"line":75,"column":8},"end":{"line":75,"column":8}}]},"3":{"line":88,"type":"if","locations":[{"start":{"line":88,"column":8},"end":{"line":88,"column":8}},{"start":{"line":88,"column":8},"end":{"line":88,"column":8}}]},"4":{"line":89,"type":"if","locations":[{"start":{"line":89,"column":8},"end":{"line":89,"column":8}},{"start":{"line":89,"column":8},"end":{"line":89,"column":8}}]},"5":{"line":103,"type":"if","locations":[{"start":{"line":103,"column":8},"end":{"line":103,"column":8}},{"start":{"line":103,"column":8},"end":{"line":103,"column":8}}]},"6":{"line":104,"type":"if","locations":[{"start":{"line":104,"column":8},"end":{"line":104,"column":8}},{"start":{"line":104,"column":8},"end":{"line":104,"column":8}}]},"7":{"line":111,"type":"if","locations":[{"start":{"line":111,"column":8},"end":{"line":111,"column":8}},{"start":{"line":111,"column":8},"end":{"line":111,"column":8}}]},"8":{"line":117,"type":"if","locations":[{"start":{"line":117,"column":8},"end":{"line":117,"column":8}},{"start":{"line":117,"column":8},"end":{"line":117,"column":8}}]},"9":{"line":118,"type":"if","locations":[{"start":{"line":118,"column":8},"end":{"line":118,"column":8}},{"start":{"line":118,"column":8},"end":{"line":118,"column":8}}]},"10":{"line":130,"type":"if","locations":[{"start":{"line":130,"column":8},"end":{"line":130,"column":8}},{"start":{"line":130,"column":8},"end":{"line":130,"column":8}}]},"11":{"line":136,"type":"if","locations":[{"start":{"line":136,"column":8},"end":{"line":136,"column":8}},{"start":{"line":136,"column":8},"end":{"line":136,"column":8}}]},"12":{"line":137,"type":"if","locations":[{"start":{"line":137,"column":8},"end":{"line":137,"column":8}},{"start":{"line":137,"column":8},"end":{"line":137,"column":8}}]},"13":{"line":158,"type":"if","locations":[{"start":{"line":158,"column":8},"end":{"line":158,"column":8}},{"start":{"line":158,"column":8},"end":{"line":158,"column":8}}]},"14":{"line":161,"type":"if","locations":[{"start":{"line":161,"column":8},"end":{"line":161,"column":8}},{"start":{"line":161,"column":8},"end":{"line":161,"column":8}}]},"15":{"line":164,"type":"if","locations":[{"start":{"line":164,"column":8},"end":{"line":164,"column":8}},{"start":{"line":164,"column":8},"end":{"line":164,"column":8}}]}}},"contracts\\test\\CloudToken.sol":{"l":{"11":45},"path":"C:\\Users\\aleks\\Documents\\Coding\\Blockchain\\dex\\contracts\\test\\CloudToken.sol","s":{"1":45},"b":{},"f":{"1":3,"2":45},"fnMap":{"1":{"name":"constructor","line":8,"loc":{"start":{"line":8,"column":4},"end":{"line":8,"column":46}}},"2":{"name":"mint","line":10,"loc":{"start":{"line":10,"column":4},"end":{"line":12,"column":4}}}},"statementMap":{"1":{"start":{"line":11,"column":8},"end":{"line":11,"column":32}}},"branchMap":{}},"contracts\\test\\ThunderToken.sol":{"l":{"11":45},"path":"C:\\Users\\aleks\\Documents\\Coding\\Blockchain\\dex\\contracts\\test\\ThunderToken.sol","s":{"1":45},"b":{},"f":{"1":3,"2":45},"fnMap":{"1":{"name":"constructor","line":8,"loc":{"start":{"line":8,"column":4},"end":{"line":8,"column":48}}},"2":{"name":"mint","line":10,"loc":{"start":{"line":10,"column":4},"end":{"line":12,"column":4}}}},"statementMap":{"1":{"start":{"line":11,"column":8},"end":{"line":11,"column":32}}},"branchMap":{}}}