TN:
SF:C:\Users\aleks\Documents\Coding\Blockchain\dex\contracts\DEX.sol
FN:18,createNewPair
FNF:1
FNH:1
FNDA:24,createNewPair
DA:24,24
DA:32,24
DA:39,24
DA:47,24
LF:4
LH:4
BRDA:32,1,0,24
BRDA:32,1,1,0
BRDA:39,2,0,24
BRDA:39,2,1,0
BRF:4
BRH:2
end_of_record
TN:
SF:C:\Users\aleks\Documents\Coding\Blockchain\dex\contracts\LiquidityToken.sol
FN:12,constructor
FN:16,onlyOwner
FN:23,mint
FN:27,burn
FNF:4
FNH:4
FNDA:24,constructor
FNDA:34,onlyOwner
FNDA:31,mint
FNDA:3,burn
DA:13,24
DA:17,34
DA:18,0
DA:20,34
DA:24,31
DA:28,3
LF:6
LH:5
BRDA:17,1,0,0
BRDA:17,1,1,34
BRF:2
BRH:1
end_of_record
TN:
SF:C:\Users\aleks\Documents\Coding\Blockchain\dex\contracts\Pool.sol
FN:49,constructor
FN:64,onlyLps
FN:73,addLiquidity
FN:100,removeLiquidity
FN:110,swapTokenOneForTwo
FN:129,swapTokenTwoForOne
FN:148,checkLiquidityProportion
FN:169,getTokenTwoQuantity
FN:177,getTokenOneQuantity
FN:185,getTokenOneAddress
FN:189,getTokenTwoAddress
FN:193,getLiquidityTokenAddress
FN:197,getPoolCreator
FN:201,_initializePool
FN:208,_getCurrentProduct
FN:214,_calcLiquidityTokenAmount
FN:225,_removeLiquidity
FNF:17
FNH:17
FNDA:24,constructor
FNDA:4,onlyLps
FNDA:8,addLiquidity
FNDA:3,removeLiquidity
FNDA:3,swapTokenOneForTwo
FNDA:3,swapTokenTwoForOne
FNDA:10,checkLiquidityProportion
FNDA:5,getTokenTwoQuantity
FNDA:5,getTokenOneQuantity
FNDA:1,getTokenOneAddress
FNDA:1,getTokenTwoAddress
FNDA:22,getLiquidityTokenAddress
FNDA:1,getPoolCreator
FNDA:24,_initializePool
FNDA:10,_getCurrentProduct
FNDA:7,_calcLiquidityTokenAmount
FNDA:3,_removeLiquidity
DA:56,24
DA:57,24
DA:58,24
DA:59,24
DA:61,24
DA:65,4
DA:66,1
DA:68,3
DA:75,8
DA:76,1
DA:79,7
DA:83,7
DA:88,7
DA:89,7
DA:90,7
DA:92,7
DA:101,3
DA:103,3
DA:104,3
DA:105,3
DA:107,3
DA:111,3
DA:112,1
DA:115,2
DA:117,2
DA:118,2
DA:120,2
DA:130,3
DA:131,1
DA:134,2
DA:136,2
DA:137,2
DA:139,2
DA:153,10
DA:156,10
DA:158,10
DA:159,8
DA:161,2
DA:162,1
DA:164,1
DA:165,1
DA:170,5
DA:171,5
DA:178,5
DA:179,5
DA:186,1
DA:190,1
DA:194,22
DA:198,1
DA:204,24
DA:205,24
DA:209,10
DA:210,10
DA:211,10
DA:219,7
DA:226,3
DA:232,3
DA:238,3
LF:58
LH:58
BRDA:65,1,0,1
BRDA:65,1,1,3
BRDA:75,2,0,1
BRDA:75,2,1,7
BRDA:88,3,0,7
BRDA:88,3,1,0
BRDA:89,4,0,7
BRDA:89,4,1,0
BRDA:103,5,0,3
BRDA:103,5,1,0
BRDA:104,6,0,3
BRDA:104,6,1,0
BRDA:111,7,0,1
BRDA:111,7,1,2
BRDA:117,8,0,2
BRDA:117,8,1,0
BRDA:118,9,0,2
BRDA:118,9,1,0
BRDA:130,10,0,1
BRDA:130,10,1,2
BRDA:136,11,0,2
BRDA:136,11,1,0
BRDA:137,12,0,2
BRDA:137,12,1,0
BRDA:158,13,0,8
BRDA:158,13,1,2
BRDA:161,14,0,1
BRDA:161,14,1,1
BRDA:164,15,0,1
BRDA:164,15,1,0
BRF:30
BRH:21
end_of_record
TN:
SF:C:\Users\aleks\Documents\Coding\Blockchain\dex\contracts\test\CloudToken.sol
FN:8,constructor
FN:10,mint
FNF:2
FNH:2
FNDA:3,constructor
FNDA:45,mint
DA:11,45
LF:1
LH:1
BRF:0
BRH:0
end_of_record
TN:
SF:C:\Users\aleks\Documents\Coding\Blockchain\dex\contracts\test\ThunderToken.sol
FN:8,constructor
FN:10,mint
FNF:2
FNH:2
FNDA:3,constructor
FNDA:45,mint
DA:11,45
LF:1
LH:1
BRF:0
BRH:0
end_of_record
